<?xml version="1.0" encoding="UTF-8"?>
<!-- Generated by org.testng.reporters.JUnitXMLReporter -->
<testsuite ignored="1" hostname="DESKTOP-3IU1GUE" failures="0" tests="3" name="Test" time="76.967" errors="0" timestamp="2023-01-15T19:38:38 IST">
  <testcase classname="testScripts.SalesOrderScripts" name="CreateSaleOrder" time="20.805"/>
  <testcase classname="testScripts.LeadScripts" name="createNewLead" time="14.243"/>
  <testcase classname="testScripts.LoginToVtiger" name="homePageValidation" time="0.592"/>
  <testcase classname="testScripts.VendorScripts" name="VenderCreation" time="0.0">
    <ignored/>
  </testcase> <!-- VenderCreation -->
</testsuite> <!-- Test -->
