<?xml version="1.0" encoding="UTF-8"?>
<testng-results skipped="0" failed="0" ignored="0" total="2" passed="2">
  <reporter-output>
  </reporter-output>
  <suite name="Command line suite" duration-ms="51876" started-at="2023-02-26T18:08:36 IST" finished-at="2023-02-26T18:09:28 IST">
    <groups>
      <group name="system">
        <method signature="VendorScriptsTest.VenderCreation()[pri:0, instance:testScripts.VendorScriptsTest@1f36e637]" name="VenderCreation" class="testScripts.VendorScriptsTest"/>
      </group> <!-- system -->
      <group name="smoke">
        <method signature="LoginToVtigerTest.homePageValidation()[pri:0, instance:testScripts.LoginToVtigerTest@2758fe70]" name="homePageValidation" class="testScripts.LoginToVtigerTest"/>
      </group> <!-- smoke -->
    </groups>
    <test name="Command line test" duration-ms="51876" started-at="2023-02-26T18:08:36 IST" finished-at="2023-02-26T18:09:28 IST">
      <class name="testScripts.LoginToVtigerTest">
        <test-method status="PASS" signature="openBrowser()[pri:0, instance:testScripts.LoginToVtigerTest@2758fe70]" name="openBrowser" is-config="true" duration-ms="9271" started-at="2023-02-26T18:08:36 IST" finished-at="2023-02-26T18:08:46 IST">
          <reporter-output>
          </reporter-output>
        </test-method> <!-- openBrowser -->
        <test-method status="PASS" signature="login()[pri:0, instance:testScripts.LoginToVtigerTest@2758fe70]" name="login" is-config="true" duration-ms="5784" started-at="2023-02-26T18:08:46 IST" finished-at="2023-02-26T18:08:51 IST">
          <reporter-output>
          </reporter-output>
        </test-method> <!-- login -->
        <test-method status="PASS" signature="homePageValidation()[pri:0, instance:testScripts.LoginToVtigerTest@2758fe70]" name="homePageValidation" duration-ms="2529" started-at="2023-02-26T18:08:51 IST" finished-at="2023-02-26T18:08:54 IST">
          <reporter-output>
          </reporter-output>
        </test-method> <!-- homePageValidation -->
        <test-method status="PASS" signature="logout()[pri:0, instance:testScripts.LoginToVtigerTest@2758fe70]" name="logout" is-config="true" duration-ms="3871" started-at="2023-02-26T18:08:54 IST" finished-at="2023-02-26T18:08:58 IST">
          <reporter-output>
          </reporter-output>
        </test-method> <!-- logout -->
        <test-method status="PASS" signature="closeBrowser()[pri:0, instance:testScripts.LoginToVtigerTest@2758fe70]" name="closeBrowser" is-config="true" duration-ms="1365" started-at="2023-02-26T18:08:58 IST" finished-at="2023-02-26T18:08:59 IST">
          <reporter-output>
          </reporter-output>
        </test-method> <!-- closeBrowser -->
      </class> <!-- testScripts.LoginToVtigerTest -->
      <class name="testScripts.VendorScriptsTest">
        <test-method status="PASS" signature="openBrowser()[pri:0, instance:testScripts.VendorScriptsTest@1f36e637]" name="openBrowser" is-config="true" duration-ms="5861" started-at="2023-02-26T18:08:59 IST" finished-at="2023-02-26T18:09:05 IST">
          <reporter-output>
          </reporter-output>
        </test-method> <!-- openBrowser -->
        <test-method status="PASS" signature="login()[pri:0, instance:testScripts.VendorScriptsTest@1f36e637]" name="login" is-config="true" duration-ms="5922" started-at="2023-02-26T18:09:05 IST" finished-at="2023-02-26T18:09:11 IST">
          <reporter-output>
          </reporter-output>
        </test-method> <!-- login -->
        <test-method status="PASS" signature="VenderCreation()[pri:0, instance:testScripts.VendorScriptsTest@1f36e637]" name="VenderCreation" duration-ms="13003" started-at="2023-02-26T18:09:11 IST" finished-at="2023-02-26T18:09:24 IST">
          <reporter-output>
          </reporter-output>
        </test-method> <!-- VenderCreation -->
        <test-method status="PASS" signature="logout()[pri:0, instance:testScripts.VendorScriptsTest@1f36e637]" name="logout" is-config="true" duration-ms="2365" started-at="2023-02-26T18:09:24 IST" finished-at="2023-02-26T18:09:26 IST">
          <reporter-output>
          </reporter-output>
        </test-method> <!-- logout -->
        <test-method status="PASS" signature="closeBrowser()[pri:0, instance:testScripts.VendorScriptsTest@1f36e637]" name="closeBrowser" is-config="true" duration-ms="1827" started-at="2023-02-26T18:09:26 IST" finished-at="2023-02-26T18:09:28 IST">
          <reporter-output>
          </reporter-output>
        </test-method> <!-- closeBrowser -->
      </class> <!-- testScripts.VendorScriptsTest -->
    </test> <!-- Command line test -->
  </suite> <!-- Command line suite -->
</testng-results>
